-outxml
-source
1.6
-target
1.6
-classpath
/home/pweb/.m2/repository/aopalliance/aopalliance/1.0/aopalliance-1.0.jar:/home/pweb/.m2/repository/asm/asm/3.3.1/asm-3.3.1.jar:/home/pweb/.m2/repository/cglib/cglib-nodep/2.2/cglib-nodep-2.2.jar:/home/pweb/.m2/repository/com/google/appengine/appengine-api-1.0-sdk/1.4.0/appengine-api-1.0-sdk-1.4.0.jar:/home/pweb/.m2/repository/com/google/appengine/appengine-api-labs/1.4.0/appengine-api-labs-1.4.0.jar:/home/pweb/.m2/repository/com/google/appengine/appengine-api-stubs/1.4.0/appengine-api-stubs-1.4.0.jar:/home/pweb/.m2/repository/com/google/appengine/appengine-testing/1.4.0/appengine-testing-1.4.0.jar:/home/pweb/.m2/repository/com/google/appengine/orm/datanucleus-appengine/1.0.7.final/datanucleus-appengine-1.0.7.final.jar:/home/pweb/.m2/repository/com/google/gwt/gwt-servlet/2.2.0/gwt-servlet-2.2.0.jar:/home/pweb/.m2/repository/com/google/gwt/gwt-user/2.2.0/gwt-user-2.2.0.jar:/home/pweb/.m2/repository/com/google/inject/guice/3.0-rc2/guice-3.0-rc2.jar:/home/pweb/.m2/repository/com/google/inject/extensions/guice-assistedinject/3.0-rc2/guice-assistedinject-3.0-rc2.jar:/home/pweb/.m2/repository/com/googlecode/gwt/inject/gin/1.5/gin-1.5.jar:/home/pweb/.m2/repository/commons-beanutils/commons-beanutils/1.8.0/commons-beanutils-1.8.0.jar:/home/pweb/.m2/repository/commons-dbcp/commons-dbcp/1.3/commons-dbcp-1.3.jar:/home/pweb/.m2/repository/commons-digester/commons-digester/2.0/commons-digester-2.0.jar:/home/pweb/.m2/repository/commons-fileupload/commons-fileupload/1.2.1/commons-fileupload-1.2.1.jar:/home/pweb/.m2/repository/commons-pool/commons-pool/1.5.4/commons-pool-1.5.4.jar:/home/pweb/.m2/repository/javax/el/el-api/1.0/el-api-1.0.jar:/home/pweb/.m2/repository/javax/inject/javax.inject/1/javax.inject-1.jar:/home/pweb/.m2/repository/javax/jdo/jdo2-api/2.3-ec/jdo2-api-2.3-ec.jar:/home/pweb/.m2/repository/javax/persistence/persistence-api/1.0/persistence-api-1.0.jar:/home/pweb/.m2/repository/javax/servlet/jstl/1.2/jstl-1.2.jar:/home/pweb/.m2/repository/javax/servlet/servlet-api/2.5/servlet-api-2.5.jar:/home/pweb/.m2/repository/javax/servlet/jsp/jsp-api/2.1/jsp-api-2.1.jar:/home/pweb/.m2/repository/javax/transaction/jta/1.1/jta-1.1.jar:/home/pweb/.m2/repository/javax/transaction/transaction-api/1.1/transaction-api-1.1.jar:/home/pweb/.m2/repository/javax/validation/validation-api/1.0.0.GA/validation-api-1.0.0.GA.jar:/home/pweb/.m2/repository/joda-time/joda-time/1.6/joda-time-1.6.jar:/home/pweb/.m2/repository/junit/junit/4.8.2/junit-4.8.2.jar:/home/pweb/.m2/repository/log4j/log4j/1.2.16/log4j-1.2.16.jar:/home/pweb/.m2/repository/net/sf/flexjson/flexjson/2.1/flexjson-2.1.jar:/home/pweb/.m2/repository/org/apache/geronimo/specs/geronimo-jpa_3.0_spec/1.1.1/geronimo-jpa_3.0_spec-1.1.1.jar:/home/pweb/.m2/repository/org/aspectj/aspectjrt/1.6.11.M2/aspectjrt-1.6.11.M2.jar:/home/pweb/.m2/repository/org/aspectj/aspectjweaver/1.6.11.M2/aspectjweaver-1.6.11.M2.jar:/home/pweb/.m2/repository/org/datanucleus/datanucleus-core/1.1.5/datanucleus-core-1.1.5.jar:/home/pweb/.m2/repository/org/datanucleus/datanucleus-enhancer/1.1.4/datanucleus-enhancer-1.1.4.jar:/home/pweb/.m2/repository/org/datanucleus/datanucleus-jpa/1.1.5/datanucleus-jpa-1.1.5.jar:/home/pweb/.m2/repository/org/datanucleus/datanucleus-rdbms/1.1.5/datanucleus-rdbms-1.1.5.jar:/home/pweb/.m2/repository/org/hibernate/hibernate-validator/4.1.0.Final/hibernate-validator-4.1.0.Final.jar:/home/pweb/.m2/repository/org/json/json/20090211/json-20090211.jar:/home/pweb/.m2/repository/org/slf4j/jcl-over-slf4j/1.6.1/jcl-over-slf4j-1.6.1.jar:/home/pweb/.m2/repository/org/slf4j/slf4j-api/1.6.1/slf4j-api-1.6.1.jar:/home/pweb/.m2/repository/org/slf4j/slf4j-log4j12/1.6.1/slf4j-log4j12-1.6.1.jar:/home/pweb/.m2/repository/org/springframework/spring-aop/3.0.5.RELEASE/spring-aop-3.0.5.RELEASE.jar:/home/pweb/.m2/repository/org/springframework/spring-asm/3.0.5.RELEASE/spring-asm-3.0.5.RELEASE.jar:/home/pweb/.m2/repository/org/springframework/spring-aspects/3.0.5.RELEASE/spring-aspects-3.0.5.RELEASE.jar:/home/pweb/.m2/repository/org/springframework/spring-beans/3.0.5.RELEASE/spring-beans-3.0.5.RELEASE.jar:/home/pweb/.m2/repository/org/springframework/spring-context/3.0.5.RELEASE/spring-context-3.0.5.RELEASE.jar:/home/pweb/.m2/repository/org/springframework/spring-context-support/3.0.5.RELEASE/spring-context-support-3.0.5.RELEASE.jar:/home/pweb/.m2/repository/org/springframework/spring-core/3.0.5.RELEASE/spring-core-3.0.5.RELEASE.jar:/home/pweb/.m2/repository/org/springframework/spring-expression/3.0.5.RELEASE/spring-expression-3.0.5.RELEASE.jar:/home/pweb/.m2/repository/org/springframework/spring-jdbc/3.0.5.RELEASE/spring-jdbc-3.0.5.RELEASE.jar:/home/pweb/.m2/repository/org/springframework/spring-orm/3.0.5.RELEASE/spring-orm-3.0.5.RELEASE.jar:/home/pweb/.m2/repository/org/springframework/spring-test/3.0.5.RELEASE/spring-test-3.0.5.RELEASE.jar:/home/pweb/.m2/repository/org/springframework/spring-tx/3.0.5.RELEASE/spring-tx-3.0.5.RELEASE.jar:/home/pweb/.m2/repository/org/springframework/spring-web/3.0.5.RELEASE/spring-web-3.0.5.RELEASE.jar:/home/pweb/.m2/repository/org/springframework/spring-webmvc/3.0.5.RELEASE/spring-webmvc-3.0.5.RELEASE.jar:/home/pweb/.m2/repository/org/springframework/roo/org.springframework.roo.annotations/1.1.2.RELEASE/org.springframework.roo.annotations-1.1.2.RELEASE.jar:/home/pweb/.m2/repository/org/springframework/webflow/spring-js-resources/2.2.1.RELEASE/spring-js-resources-2.2.1.RELEASE.jar:/home/pweb/.m2/repository/xalan/serializer/2.7.1/serializer-2.7.1.jar:/home/pweb/.m2/repository/xalan/xalan/2.7.1/xalan-2.7.1.jar:/home/pweb/.m2/repository/xml-apis/xml-apis/1.3.04/xml-apis-1.3.04.jar:/home/pweb/dev/prjs/java/workspace/TaxiRankMS/target/TaxiRankMS-0.1.0.BUILD-SNAPSHOT/WEB-INF/classes
-aspectpath
/home/pweb/.m2/repository/org/springframework/spring-aspects/3.0.5.RELEASE/spring-aspects-3.0.5.RELEASE.jar
-d
/home/pweb/dev/prjs/java/workspace/TaxiRankMS/target/TaxiRankMS-0.1.0.BUILD-SNAPSHOT/WEB-INF/classes
/home/pweb/dev/prjs/java/workspace/TaxiRankMS/src/main/java/com/puglieseweb/test/trms/client/managed/ui/TaxiListView_Roo_Gwt.java
/home/pweb/dev/prjs/java/workspace/TaxiRankMS/src/main/java/com/puglieseweb/test/trms/client/scaffold/place/ProxyListPlace.java
/home/pweb/dev/prjs/java/workspace/TaxiRankMS/src/main/java/com/puglieseweb/test/trms/client/managed/ui/TaxiProxyRenderer.java
/home/pweb/dev/prjs/java/workspace/TaxiRankMS/src/main/java/com/puglieseweb/test/trms/client/managed/activity/ApplicationDetailsActivities_Roo_Gwt.java
/home/pweb/dev/prjs/java/workspace/TaxiRankMS/src/main/java/com/puglieseweb/test/trms/shared/domain/TaxiStatus.java
/home/pweb/dev/prjs/java/workspace/TaxiRankMS/src/main/java/com/puglieseweb/test/trms/shared/domain/TaxiOptions.java
/home/pweb/dev/prjs/java/workspace/TaxiRankMS/src/main/java/com/puglieseweb/test/trms/client/scaffold/activity/IsScaffoldMobileActivity.java
/home/pweb/dev/prjs/java/workspace/TaxiRankMS/src/main/java/com/puglieseweb/test/trms/client/scaffold/ScaffoldDesktopShell.java
/home/pweb/dev/prjs/java/workspace/TaxiRankMS/src/main/java/com/puglieseweb/test/trms/client/managed/activity/TaxiDetailsActivity_Roo_Gwt.java
/home/pweb/dev/prjs/java/workspace/TaxiRankMS/src/main/java/com/puglieseweb/test/trms/client/managed/activity/TaxiActivitiesMapper.java
/home/pweb/dev/prjs/java/workspace/TaxiRankMS/src/main/java/com/puglieseweb/test/trms/client/scaffold/ui/FloatParser.java
/home/pweb/dev/prjs/java/workspace/TaxiRankMS/src/main/java/com/puglieseweb/test/trms/client/managed/ui/TaxiMobileListView_Roo_Gwt.java
/home/pweb/dev/prjs/java/workspace/TaxiRankMS/src/main/java/com/puglieseweb/test/trms/client/scaffold/ui/LoginWidget.java
/home/pweb/dev/prjs/java/workspace/TaxiRankMS/src/main/java/com/puglieseweb/test/trms/client/scaffold/ioc/ScaffoldModule.java
/home/pweb/dev/prjs/java/workspace/TaxiRankMS/src/main/java/com/puglieseweb/test/trms/client/managed/ui/TaxiEditView.java
/home/pweb/dev/prjs/java/workspace/TaxiRankMS/src/main/java/com/puglieseweb/test/trms/client/managed/ui/TaxiMobileDetailsView_Roo_Gwt.java
/home/pweb/dev/prjs/java/workspace/TaxiRankMS/src/main/java/com/puglieseweb/test/trms/client/managed/request/TaxiProxy.java
/home/pweb/dev/prjs/java/workspace/TaxiRankMS/src/main/java/com/puglieseweb/test/trms/client/scaffold/place/AbstractProxyEditActivity.java
/home/pweb/dev/prjs/java/workspace/TaxiRankMS/src/main/java/com/puglieseweb/test/trms/server/domain/TaxiRank_Roo_Configurable.aj
/home/pweb/dev/prjs/java/workspace/TaxiRankMS/src/main/java/com/puglieseweb/test/trms/client/scaffold/gae/GaeLoginWidgetDriver.java
/home/pweb/dev/prjs/java/workspace/TaxiRankMS/src/main/java/com/puglieseweb/test/trms/client/managed/activity/TaxiDetailsActivity.java
/home/pweb/dev/prjs/java/workspace/TaxiRankMS/src/main/java/com/puglieseweb/test/trms/client/managed/activity/ApplicationMasterActivities.java
/home/pweb/dev/prjs/java/workspace/TaxiRankMS/src/main/java/com/puglieseweb/test/trms/server/gae/UserServiceLocator.java
/home/pweb/dev/prjs/java/workspace/TaxiRankMS/src/main/java/com/puglieseweb/test/trms/client/managed/ui/TaxiMobileEditView.java
/home/pweb/dev/prjs/java/workspace/TaxiRankMS/src/main/java/com/puglieseweb/test/trms/client/managed/request/TaxiRequest.java
/home/pweb/dev/prjs/java/workspace/TaxiRankMS/src/main/java/com/puglieseweb/test/trms/client/managed/request/ApplicationEntityTypesProcessor.java
/home/pweb/dev/prjs/java/workspace/TaxiRankMS/src/main/java/com/puglieseweb/test/trms/client/managed/ui/TaxiListView.java
/home/pweb/dev/prjs/java/workspace/TaxiRankMS/src/main/java/com/puglieseweb/test/trms/server/domain/TaxiRank_Roo_JavaBean.aj
/home/pweb/dev/prjs/java/workspace/TaxiRankMS/src/main/java/com/puglieseweb/test/trms/client/scaffold/ioc/ScaffoldInjector.java
/home/pweb/dev/prjs/java/workspace/TaxiRankMS/src/main/java/com/puglieseweb/test/trms/client/managed/activity/ScaffoldMobileActivities.java
/home/pweb/dev/prjs/java/workspace/TaxiRankMS/src/main/java/com/puglieseweb/test/trms/client/scaffold/ui/CharRenderer.java
/home/pweb/dev/prjs/java/workspace/TaxiRankMS/src/main/java/com/puglieseweb/test/trms/client/scaffold/ui/ByteRenderer.java
/home/pweb/dev/prjs/java/workspace/TaxiRankMS/src/main/java/com/puglieseweb/test/trms/client/managed/ui/TaxiSetEditor.java
/home/pweb/dev/prjs/java/workspace/TaxiRankMS/src/main/java/com/puglieseweb/test/trms/client/managed/ui/ApplicationListPlaceRenderer_Roo_Gwt.java
/home/pweb/dev/prjs/java/workspace/TaxiRankMS/src/main/java/com/puglieseweb/test/trms/server/gae/GaeAuthFilter.java
/home/pweb/dev/prjs/java/workspace/TaxiRankMS/src/main/java/com/puglieseweb/test/trms/client/scaffold/ScaffoldApp.java
/home/pweb/dev/prjs/java/workspace/TaxiRankMS/src/main/java/com/puglieseweb/test/trms/client/scaffold/ui/ShortParser.java
/home/pweb/dev/prjs/java/workspace/TaxiRankMS/src/main/java/com/puglieseweb/test/trms/server/domain/TaxiRank_Roo_ToString.aj
/home/pweb/dev/prjs/java/workspace/TaxiRankMS/src/main/java/com/puglieseweb/test/trms/client/scaffold/ScaffoldMobileApp.java
/home/pweb/dev/prjs/java/workspace/TaxiRankMS/src/main/java/com/puglieseweb/test/trms/client/managed/ui/TaxiMobileDetailsView.java
/home/pweb/dev/prjs/java/workspace/TaxiRankMS/src/main/java/com/puglieseweb/test/trms/client/scaffold/place/CreateAndEditProxy.java
/home/pweb/dev/prjs/java/workspace/TaxiRankMS/src/main/java/com/puglieseweb/test/trms/client/managed/ui/TaxiListEditor_Roo_Gwt.java
/home/pweb/dev/prjs/java/workspace/TaxiRankMS/src/main/java/com/puglieseweb/test/trms/client/scaffold/ui/BigDecimalRenderer.java
/home/pweb/dev/prjs/java/workspace/TaxiRankMS/src/main/java/com/puglieseweb/test/trms/client/scaffold/ioc/MobileInjectorWrapper.java
/home/pweb/dev/prjs/java/workspace/TaxiRankMS/src/main/java/com/puglieseweb/test/trms/client/scaffold/request/RequestEvent.java
/home/pweb/dev/prjs/java/workspace/TaxiRankMS/src/main/java/com/puglieseweb/test/trms/client/managed/ui/TaxiSetEditor_Roo_Gwt.java
/home/pweb/dev/prjs/java/workspace/TaxiRankMS/src/main/java/com/puglieseweb/test/trms/client/scaffold/place/ProxyPlaceToListPlace.java
/home/pweb/dev/prjs/java/workspace/TaxiRankMS/src/main/java/com/puglieseweb/test/trms/client/managed/ui/TaxiMobileListView.java
/home/pweb/dev/prjs/java/workspace/TaxiRankMS/src/main/java/com/puglieseweb/test/trms/client/scaffold/place/CollectionRenderer.java
/home/pweb/dev/prjs/java/workspace/TaxiRankMS/src/main/java/com/puglieseweb/test/trms/client/scaffold/ScaffoldMobileShell.java
/home/pweb/dev/prjs/java/workspace/TaxiRankMS/src/main/java/com/puglieseweb/test/trms/server/domain/Taxi.java
/home/pweb/dev/prjs/java/workspace/TaxiRankMS/src/main/java/com/puglieseweb/test/trms/client/scaffold/ui/FloatBox.java
/home/pweb/dev/prjs/java/workspace/TaxiRankMS/src/main/java/com/puglieseweb/test/trms/shared/scaffold/ScaffoldRequestFactory.java
/home/pweb/dev/prjs/java/workspace/TaxiRankMS/src/main/java/com/puglieseweb/test/trms/client/style/MobileListResources.java
/home/pweb/dev/prjs/java/workspace/TaxiRankMS/src/main/java/com/puglieseweb/test/trms/server/domain/Taxi_Roo_ToString.aj
/home/pweb/dev/prjs/java/workspace/TaxiRankMS/src/main/java/com/puglieseweb/test/trms/server/gae/UserServiceWrapper.java
/home/pweb/dev/prjs/java/workspace/TaxiRankMS/src/main/java/com/puglieseweb/test/trms/client/scaffold/place/PlaceHistoryFactory.java
/home/pweb/dev/prjs/java/workspace/TaxiRankMS/src/main/java/com/puglieseweb/test/trms/client/managed/ui/ApplicationListPlaceRenderer.java
/home/pweb/dev/prjs/java/workspace/TaxiRankMS/src/main/java/com/puglieseweb/test/trms/client/scaffold/ui/ShortBox.java
/home/pweb/dev/prjs/java/workspace/TaxiRankMS/src/main/java/com/puglieseweb/test/trms/client/scaffold/ioc/InjectorWrapper.java
/home/pweb/dev/prjs/java/workspace/TaxiRankMS/src/main/java/com/puglieseweb/test/trms/client/scaffold/place/ProxyPlace.java
/home/pweb/dev/prjs/java/workspace/TaxiRankMS/src/main/java/com/puglieseweb/test/trms/server/domain/Taxi_Roo_Entity.aj
/home/pweb/dev/prjs/java/workspace/TaxiRankMS/src/main/java/com/puglieseweb/test/trms/client/managed/activity/ApplicationDetailsActivities.java
/home/pweb/dev/prjs/java/workspace/TaxiRankMS/src/main/java/com/puglieseweb/test/trms/server/domain/TaxiRank_Roo_Entity.aj
/home/pweb/dev/prjs/java/workspace/TaxiRankMS/src/main/java/com/puglieseweb/test/trms/client/managed/request/ApplicationRequestFactory.java
/home/pweb/dev/prjs/java/workspace/TaxiRankMS/src/main/java/com/puglieseweb/test/trms/client/managed/activity/ApplicationMasterActivities_Roo_Gwt.java
/home/pweb/dev/prjs/java/workspace/TaxiRankMS/src/main/java/com/puglieseweb/test/trms/client/scaffold/ui/ByteParser.java
/home/pweb/dev/prjs/java/workspace/TaxiRankMS/src/main/java/com/puglieseweb/test/trms/client/scaffold/ioc/DesktopInjector.java
/home/pweb/dev/prjs/java/workspace/TaxiRankMS/src/main/java/com/puglieseweb/test/trms/shared/domain/TaxiRankLocations.java
/home/pweb/dev/prjs/java/workspace/TaxiRankMS/src/main/java/com/puglieseweb/test/trms/client/scaffold/place/FindAndEditProxy.java
/home/pweb/dev/prjs/java/workspace/TaxiRankMS/src/main/java/com/puglieseweb/test/trms/shared/domain/Shift.java
/home/pweb/dev/prjs/java/workspace/TaxiRankMS/src/main/java/com/puglieseweb/test/trms/client/scaffold/ui/MobileProxyListView.java
/home/pweb/dev/prjs/java/workspace/TaxiRankMS/src/main/java/com/puglieseweb/test/trms/client/scaffold/place/ProxyListView.java
/home/pweb/dev/prjs/java/workspace/TaxiRankMS/src/main/java/com/puglieseweb/test/trms/server/domain/Taxi_Roo_JavaBean.aj
/home/pweb/dev/prjs/java/workspace/TaxiRankMS/src/main/java/com/puglieseweb/test/trms/client/scaffold/ScaffoldDesktopApp.java
/home/pweb/dev/prjs/java/workspace/TaxiRankMS/src/main/java/com/puglieseweb/test/trms/client/scaffold/ui/FloatRenderer.java
/home/pweb/dev/prjs/java/workspace/TaxiRankMS/src/main/java/com/puglieseweb/test/trms/client/scaffold/ioc/MobileInjector.java
/home/pweb/dev/prjs/java/workspace/TaxiRankMS/src/main/java/com/puglieseweb/test/trms/shared/gae/GaeUserServiceRequest.java
/home/pweb/dev/prjs/java/workspace/TaxiRankMS/src/main/java/com/puglieseweb/test/trms/client/scaffold/place/AbstractProxyListActivity.java
/home/pweb/dev/prjs/java/workspace/TaxiRankMS/src/main/java/com/puglieseweb/test/trms/client/scaffold/ioc/DesktopInjectorWrapper.java
/home/pweb/dev/prjs/java/workspace/TaxiRankMS/src/main/java/com/puglieseweb/test/trms/shared/gae/GaeUser.java
/home/pweb/dev/prjs/java/workspace/TaxiRankMS/src/main/java/com/puglieseweb/test/trms/client/managed/activity/TaxiListActivity.java
/home/pweb/dev/prjs/java/workspace/TaxiRankMS/src/main/java/com/puglieseweb/test/trms/client/scaffold/ui/ByteBox.java
/home/pweb/dev/prjs/java/workspace/TaxiRankMS/src/main/java/com/puglieseweb/test/trms/client/managed/ui/TaxiDetailsView_Roo_Gwt.java
/home/pweb/dev/prjs/java/workspace/TaxiRankMS/src/main/java/com/puglieseweb/test/trms/client/managed/ui/TaxiDetailsView.java
/home/pweb/dev/prjs/java/workspace/TaxiRankMS/src/main/java/com/puglieseweb/test/trms/client/scaffold/ui/BigDecimalParser.java
/home/pweb/dev/prjs/java/workspace/TaxiRankMS/src/main/java/com/puglieseweb/test/trms/client/scaffold/gae/GaeAuthRequestTransport.java
/home/pweb/dev/prjs/java/workspace/TaxiRankMS/src/main/java/com/puglieseweb/test/trms/client/scaffold/ui/CharParser.java
/home/pweb/dev/prjs/java/workspace/TaxiRankMS/src/main/java/com/puglieseweb/test/trms/server/domain/Taxi_Roo_Configurable.aj
/home/pweb/dev/prjs/java/workspace/TaxiRankMS/src/main/java/com/puglieseweb/test/trms/client/scaffold/Scaffold.java
/home/pweb/dev/prjs/java/workspace/TaxiRankMS/src/main/java/com/puglieseweb/test/trms/client/managed/activity/TaxiEditActivityWrapper_Roo_Gwt.java
/home/pweb/dev/prjs/java/workspace/TaxiRankMS/src/main/java/com/puglieseweb/test/trms/client/scaffold/ui/CollectionRenderer.java
/home/pweb/dev/prjs/java/workspace/TaxiRankMS/src/main/java/com/puglieseweb/test/trms/client/scaffold/ui/CharBox.java
/home/pweb/dev/prjs/java/workspace/TaxiRankMS/src/main/java/com/puglieseweb/test/trms/client/scaffold/ui/ShortRenderer.java
/home/pweb/dev/prjs/java/workspace/TaxiRankMS/src/main/java/com/puglieseweb/test/trms/client/scaffold/gae/GaeAuthenticationFailureEvent.java
/home/pweb/dev/prjs/java/workspace/TaxiRankMS/src/main/java/com/puglieseweb/test/trms/client/scaffold/place/AbstractProxyListView.java
/home/pweb/dev/prjs/java/workspace/TaxiRankMS/src/main/java/com/puglieseweb/test/trms/client/managed/activity/TaxiEditActivityWrapper.java
/home/pweb/dev/prjs/java/workspace/TaxiRankMS/src/main/java/com/puglieseweb/test/trms/client/managed/ui/TaxiMobileEditView_Roo_Gwt.java
/home/pweb/dev/prjs/java/workspace/TaxiRankMS/src/main/java/com/puglieseweb/test/trms/client/scaffold/gae/ReloadOnAuthenticationFailure.java
/home/pweb/dev/prjs/java/workspace/TaxiRankMS/src/main/java/com/puglieseweb/test/trms/client/scaffold/request/EventSourceRequestTransport.java
/home/pweb/dev/prjs/java/workspace/TaxiRankMS/src/main/java/com/puglieseweb/test/trms/client/scaffold/ui/BigDecimalBox.java
/home/pweb/dev/prjs/java/workspace/TaxiRankMS/src/main/java/com/puglieseweb/test/trms/client/scaffold/place/ScaffoldPlaceHistoryMapper.java
/home/pweb/dev/prjs/java/workspace/TaxiRankMS/src/main/java/com/puglieseweb/test/trms/client/managed/ui/TaxiListEditor.java
/home/pweb/dev/prjs/java/workspace/TaxiRankMS/src/main/java/com/puglieseweb/test/trms/shared/gae/MakesGaeRequests.java
/home/pweb/dev/prjs/java/workspace/TaxiRankMS/src/main/java/com/puglieseweb/test/trms/client/managed/ui/TaxiEditView_Roo_Gwt.java
/home/pweb/dev/prjs/java/workspace/TaxiRankMS/src/main/java/com/puglieseweb/test/trms/server/domain/TaxiRank.java
/home/pweb/dev/prjs/java/workspace/TaxiRankMS/src/main/java/com/puglieseweb/test/trms/client/scaffold/place/ProxyEditView.java
/home/pweb/dev/prjs/java/workspace/TaxiRankMS/src/main/java/com/puglieseweb/test/trms/client/scaffold/place/ProxyDetailsView.java
/home/pweb/dev/prjs/java/workspace/TaxiRankMS/src/main/java/com/puglieseweb/test/trms/client/scaffold/place/ProxyListPlacePicker.java
